<?xml version="1.0" encoding="UTF-8"?>
<!-- Generated by org.testng.reporters.JUnitReportReporter -->
<testsuite hostname="Mohamed-Abdelga" failures="0" tests="1" name="cucumber.TestNgTestRunner" time="13.620" errors="0" timestamp="2025-09-05T12:13:09 EET" skipped="0">
  <testcase classname="cucumber.TestNgTestRunner" name="runScenario" time="13.620"/>
  <system-out/>
</testsuite> <!-- cucumber.TestNgTestRunner -->
