<?xml version="1.0" encoding="UTF-8"?>
<!-- Generated by org.testng.reporters.JUnitReportReporter -->
<testsuite hostname="mohamed-abdelga" failures="0" tests="2" name="SubmitOrderTest" time="27.357" errors="0" timestamp="2025-05-17T12:56:43 EET" skipped="0">
  <testcase classname="SubmitOrderTest" name="submitOrder" time="13.494"/>
  <system-out/>
  <testcase classname="SubmitOrderTest" name="submitOrder" time="13.863"/>
  <system-out/>
</testsuite> <!-- SubmitOrderTest -->
