<?xml version="1.0" encoding="UTF-8"?>
<!-- Generated by org.testng.reporters.JUnitReportReporter -->
<testsuite hostname="Mohamed-Abdelga" failures="0" tests="1" name="cucumber.TestNGTestRunner" time="32.596" errors="0" timestamp="2025-09-05T14:29:35 EEST" skipped="0">
  <testcase classname="cucumber.TestNGTestRunner" name="runScenario" time="32.596"/>
</testsuite> <!-- cucumber.TestNGTestRunner -->
