<?xml version="1.0" encoding="UTF-8"?>
<!-- Generated by org.testng.reporters.JUnitReportReporter -->
<testsuite hostname="Mohamed-Abdelga" failures="0" tests="3" name="tests.SubmitOrderTest" time="51.435" errors="0" timestamp="2025-09-05T14:29:35 EEST" skipped="0">
  <testcase classname="tests.SubmitOrderTest" name="submitOrder" time="21.876"/>
  <testcase classname="tests.SubmitOrderTest" name="submitOrder" time="22.021"/>
  <testcase classname="tests.SubmitOrderTest" name="OrderHistoryTest" time="7.538"/>
</testsuite> <!-- tests.SubmitOrderTest -->
